Arguments: 
  /Users/Guest1/.nvm/versions/node/v8.9.3/bin/node /Users/Guest1/Documents/GitHub/bthegarty-2.0/node_modules/.bin/yarn app.js

PATH: 
  /Users/Guest1/.nvm/versions/node/v8.9.3/lib/node_modules/npm/node_modules/npm-lifecycle/node-gyp-bin:/Users/Guest1/Documents/GitHub/bthegarty-2.0/node_modules/.bin:/Users/Guest1/.nvm/versions/node/v8.9.3/bin:/usr/local/bin:/usr/bin:/bin:/usr/sbin:/sbin

Yarn version: 
  1.5.1

Node version: 
  8.9.3

Platform: 
  darwin x64

npm manifest: 
  {
    "name": "bthegarty-2.0",
    "version": "2.0.0",
    "description": "Revamp and update my website",
    "main": "app.js",
    "scripts": {
      "stage": "nodemon app.js",
      "start": "yarn app.js",
      "test": "echo \"Error: no test specified\" && exit 1"
    },
    "repository": {
      "type": "git",
      "url": "git+https://github.com/bthegarty/bthegarty-2.0.git"
    },
    "author": "Brendan T Hegarty",
    "license": "ISC",
    "bugs": {
      "url": "https://github.com/bthegarty/bthegarty-2.0/issues"
    },
    "homepage": "https://github.com/bthegarty/bthegarty-2.0#readme",
    "dependencies": {
      "express": "^4.16.3",
      "jquery": "^3.3.1",
      "nodemon": "^1.17.3",
      "particles.js": "^2.0.0",
      "pug": "^2.0.3",
      "sass": "^1.1.1",
      "yarn": "^1.5.1"
    },
    "engines": {
      "yarn": "1.3.2"
    }
  }

yarn manifest: 
  No manifest

Lockfile: 
  No lockfile

Trace: 
  Error: Command "app.js" not found.
      at new MessageError (/Users/Guest1/Documents/GitHub/bthegarty-2.0/node_modules/yarn/lib/cli.js:186:110)
      at /Users/Guest1/Documents/GitHub/bthegarty-2.0/node_modules/yarn/lib/cli.js:87307:17
      at Generator.next (<anonymous>)
      at step (/Users/Guest1/Documents/GitHub/bthegarty-2.0/node_modules/yarn/lib/cli.js:98:30)
      at /Users/Guest1/Documents/GitHub/bthegarty-2.0/node_modules/yarn/lib/cli.js:116:14
      at new Promise (<anonymous>)
      at new F (/Users/Guest1/Documents/GitHub/bthegarty-2.0/node_modules/yarn/lib/cli.js:23451:28)
      at /Users/Guest1/Documents/GitHub/bthegarty-2.0/node_modules/yarn/lib/cli.js:95:12
      at runCommand (/Users/Guest1/Documents/GitHub/bthegarty-2.0/node_modules/yarn/lib/cli.js:87312:22)
      at Object.<anonymous> (/Users/Guest1/Documents/GitHub/bthegarty-2.0/node_modules/yarn/lib/cli.js:87412:14)
